DroidPlugin/build/intermediates/manifest_merge_blame_file/debug/manifest-merger-blame-debug-report.txt
1<?xml version="1.0" encoding="utf-8"?>
2<!--
3/*
4**        DroidPlugin Project
5**
6** Copyright(c) 2015 Andy Zhang <zhangyong232@gmail.com>
7**
8** This file is part of DroidPlugin.
9**
10** DroidPlugin is free software: you can redistribute it and/or
11** modify it under the terms of the GNU Lesser General Public
12** License as published by the Free Software Foundation, either
13** version 3 of the License, or (at your option) any later version.
14**
15** DroidPlugin is distributed in the hope that it will be useful,
16** but WITHOUT ANY WARRANTY; without even the implied warranty of
17** MERCHANTABILITY or FITNESS FOR A PARTICULAR PURPOSE.  See the GNU
18** Lesser General Public License for more details.
19**
20** You should have received a copy of the GNU Lesser General Public
21** License along with DroidPlugin.  If not, see <http://www.gnu.org/licenses/lgpl.txt>
22**
23**/
24-->
25<manifest xmlns:android="http://schemas.android.com/apk/res/android"
26    package="com.morgoo.droidplugin"
27    android:versionCode="1"
28    android:versionName="1.0" >
29
30    <!-- <uses-sdk android:minSdkVersion="15" /> -->
31
32
33    <!-- 预申请很多权限。也是为了插件使用 -->
34    <uses-permission android:name="android.permission.ACCESS_COARSE_LOCATION" />
34-->AndroidLowMaster/DroidPlugin/AndroidManifest.xml:35:5-81
34-->AndroidLowMaster/DroidPlugin/AndroidManifest.xml:35:22-78
35    <uses-permission android:name="android.permission.ACCESS_FINE_LOCATION" />
35-->AndroidLowMaster/DroidPlugin/AndroidManifest.xml:36:5-79
35-->AndroidLowMaster/DroidPlugin/AndroidManifest.xml:36:22-76
36    <uses-permission android:name="android.permission.ACCESS_LOCATION_EXTRA_COMMANDS" />
36-->AndroidLowMaster/DroidPlugin/AndroidManifest.xml:37:5-89
36-->AndroidLowMaster/DroidPlugin/AndroidManifest.xml:37:22-86
37    <uses-permission android:name="android.permission.ACCESS_NETWORK_STATE" />
37-->AndroidLowMaster/DroidPlugin/AndroidManifest.xml:38:5-79
37-->AndroidLowMaster/DroidPlugin/AndroidManifest.xml:38:22-76
38    <uses-permission android:name="android.permission.ACCESS_WIFI_STATE" />
38-->AndroidLowMaster/DroidPlugin/AndroidManifest.xml:39:5-76
38-->AndroidLowMaster/DroidPlugin/AndroidManifest.xml:39:22-73
39    <uses-permission android:name="android.permission.ACCESS_WIMAX_STATE" />
39-->AndroidLowMaster/DroidPlugin/AndroidManifest.xml:40:5-77
39-->AndroidLowMaster/DroidPlugin/AndroidManifest.xml:40:22-74
40    <uses-permission android:name="android.permission.AUTHENTICATE_ACCOUNTS" />
40-->AndroidLowMaster/DroidPlugin/AndroidManifest.xml:41:5-80
40-->AndroidLowMaster/DroidPlugin/AndroidManifest.xml:41:22-77
41    <uses-permission android:name="android.permission.BLUETOOTH" />
41-->AndroidLowMaster/DroidPlugin/AndroidManifest.xml:42:5-68
41-->AndroidLowMaster/DroidPlugin/AndroidManifest.xml:42:22-65
42    <uses-permission android:name="android.permission.BLUETOOTH_ADMIN" />
42-->AndroidLowMaster/DroidPlugin/AndroidManifest.xml:43:5-74
42-->AndroidLowMaster/DroidPlugin/AndroidManifest.xml:43:22-71
43    <uses-permission android:name="android.permission.BODY_SENSORS" />
43-->AndroidLowMaster/DroidPlugin/AndroidManifest.xml:44:5-71
43-->AndroidLowMaster/DroidPlugin/AndroidManifest.xml:44:22-68
44    <uses-permission android:name="android.permission.BROADCAST_STICKY" />
44-->AndroidLowMaster/DroidPlugin/AndroidManifest.xml:45:5-75
44-->AndroidLowMaster/DroidPlugin/AndroidManifest.xml:45:22-72
45    <uses-permission android:name="android.permission.CALL_PHONE" />
45-->AndroidLowMaster/DroidPlugin/AndroidManifest.xml:46:5-69
45-->AndroidLowMaster/DroidPlugin/AndroidManifest.xml:46:22-66
46    <uses-permission android:name="android.permission.CAMERA" />
46-->AndroidLowMaster/DroidPlugin/AndroidManifest.xml:47:5-65
46-->AndroidLowMaster/DroidPlugin/AndroidManifest.xml:47:22-62
47    <uses-permission android:name="android.permission.CHANGE_NETWORK_STATE" />
47-->AndroidLowMaster/DroidPlugin/AndroidManifest.xml:48:5-79
47-->AndroidLowMaster/DroidPlugin/AndroidManifest.xml:48:22-76
48    <uses-permission android:name="android.permission.CHANGE_WIFI_MULTICAST_STATE" />
48-->AndroidLowMaster/DroidPlugin/AndroidManifest.xml:49:5-86
48-->AndroidLowMaster/DroidPlugin/AndroidManifest.xml:49:22-83
49    <uses-permission android:name="android.permission.CHANGE_WIFI_STATE" />
49-->AndroidLowMaster/DroidPlugin/AndroidManifest.xml:50:5-76
49-->AndroidLowMaster/DroidPlugin/AndroidManifest.xml:50:22-73
50    <uses-permission android:name="android.permission.CHANGE_WIMAX_STATE" />
50-->AndroidLowMaster/DroidPlugin/AndroidManifest.xml:51:5-77
50-->AndroidLowMaster/DroidPlugin/AndroidManifest.xml:51:22-74
51    <uses-permission android:name="android.permission.CLEAR_APP_CACHE" />
51-->AndroidLowMaster/DroidPlugin/AndroidManifest.xml:52:5-74
51-->AndroidLowMaster/DroidPlugin/AndroidManifest.xml:52:22-71
52    <uses-permission android:name="android.permission.DISABLE_KEYGUARD" />
52-->AndroidLowMaster/DroidPlugin/AndroidManifest.xml:53:5-75
52-->AndroidLowMaster/DroidPlugin/AndroidManifest.xml:53:22-72
53    <uses-permission android:name="android.permission.DOWNLOAD_WITHOUT_NOTIFICATION" />
53-->AndroidLowMaster/DroidPlugin/AndroidManifest.xml:54:5-88
53-->AndroidLowMaster/DroidPlugin/AndroidManifest.xml:54:22-85
54    <uses-permission android:name="android.permission.EXPAND_STATUS_BAR" />
54-->AndroidLowMaster/DroidPlugin/AndroidManifest.xml:55:5-76
54-->AndroidLowMaster/DroidPlugin/AndroidManifest.xml:55:22-73
55    <uses-permission android:name="android.permission.FLASHLIGHT" />
55-->AndroidLowMaster/DroidPlugin/AndroidManifest.xml:56:5-69
55-->AndroidLowMaster/DroidPlugin/AndroidManifest.xml:56:22-66
56    <uses-permission android:name="android.permission.GET_ACCOUNTS" />
56-->AndroidLowMaster/DroidPlugin/AndroidManifest.xml:57:5-71
56-->AndroidLowMaster/DroidPlugin/AndroidManifest.xml:57:22-68
57    <uses-permission android:name="android.permission.GET_PACKAGE_SIZE" />
57-->AndroidLowMaster/DroidPlugin/AndroidManifest.xml:58:5-75
57-->AndroidLowMaster/DroidPlugin/AndroidManifest.xml:58:22-72
58    <uses-permission android:name="android.permission.GET_TASKS" />
58-->AndroidLowMaster/DroidPlugin/AndroidManifest.xml:59:5-68
58-->AndroidLowMaster/DroidPlugin/AndroidManifest.xml:59:22-65
59    <uses-permission android:name="android.permission.INTERNET" />
59-->AndroidLowMaster/DroidPlugin/AndroidManifest.xml:60:5-67
59-->AndroidLowMaster/DroidPlugin/AndroidManifest.xml:60:22-64
60    <uses-permission android:name="android.permission.KILL_BACKGROUND_PROCESSES" />
60-->AndroidLowMaster/DroidPlugin/AndroidManifest.xml:61:5-84
60-->AndroidLowMaster/DroidPlugin/AndroidManifest.xml:61:22-81
61    <uses-permission android:name="android.permission.MANAGE_ACCOUNTS" />
61-->AndroidLowMaster/DroidPlugin/AndroidManifest.xml:62:5-74
61-->AndroidLowMaster/DroidPlugin/AndroidManifest.xml:62:22-71
62    <uses-permission android:name="android.permission.MODIFY_AUDIO_SETTINGS" />
62-->AndroidLowMaster/DroidPlugin/AndroidManifest.xml:63:5-80
62-->AndroidLowMaster/DroidPlugin/AndroidManifest.xml:63:22-77
63    <uses-permission android:name="android.permission.NFC" />
63-->AndroidLowMaster/DroidPlugin/AndroidManifest.xml:64:5-62
63-->AndroidLowMaster/DroidPlugin/AndroidManifest.xml:64:22-59
64    <uses-permission android:name="android.permission.PERSISTENT_ACTIVITY" />
64-->AndroidLowMaster/DroidPlugin/AndroidManifest.xml:65:5-78
64-->AndroidLowMaster/DroidPlugin/AndroidManifest.xml:65:22-75
65    <uses-permission android:name="android.permission.PROCESS_OUTGOING_CALLS" />
65-->AndroidLowMaster/DroidPlugin/AndroidManifest.xml:66:5-81
65-->AndroidLowMaster/DroidPlugin/AndroidManifest.xml:66:22-78
66    <uses-permission android:name="android.permission.READ_CALENDAR" />
66-->AndroidLowMaster/DroidPlugin/AndroidManifest.xml:67:5-72
66-->AndroidLowMaster/DroidPlugin/AndroidManifest.xml:67:22-69
67    <uses-permission android:name="android.permission.READ_CALL_LOG" />
67-->AndroidLowMaster/DroidPlugin/AndroidManifest.xml:68:5-72
67-->AndroidLowMaster/DroidPlugin/AndroidManifest.xml:68:22-69
68    <uses-permission android:name="android.permission.READ_CELL_BROADCASTS" />
68-->AndroidLowMaster/DroidPlugin/AndroidManifest.xml:69:5-79
68-->AndroidLowMaster/DroidPlugin/AndroidManifest.xml:69:22-76
69    <uses-permission android:name="android.permission.READ_CONTACTS" />
69-->AndroidLowMaster/DroidPlugin/AndroidManifest.xml:70:5-72
69-->AndroidLowMaster/DroidPlugin/AndroidManifest.xml:70:22-69
70    <uses-permission android:name="android.permission.READ_EXTERNAL_STORAGE" />
70-->AndroidLowMaster/DroidPlugin/AndroidManifest.xml:71:5-80
70-->AndroidLowMaster/DroidPlugin/AndroidManifest.xml:71:22-77
71    <uses-permission android:name="android.permission.READ_INSTALL_SESSIONS" />
71-->AndroidLowMaster/DroidPlugin/AndroidManifest.xml:72:5-80
71-->AndroidLowMaster/DroidPlugin/AndroidManifest.xml:72:22-77
72    <uses-permission android:name="android.permission.READ_PHONE_STATE" />
72-->AndroidLowMaster/DroidPlugin/AndroidManifest.xml:73:5-75
72-->AndroidLowMaster/DroidPlugin/AndroidManifest.xml:73:22-72
73    <uses-permission android:name="android.permission.READ_PROFILE" />
73-->AndroidLowMaster/DroidPlugin/AndroidManifest.xml:74:5-71
73-->AndroidLowMaster/DroidPlugin/AndroidManifest.xml:74:22-68
74    <uses-permission android:name="android.permission.READ_SMS" />
74-->AndroidLowMaster/DroidPlugin/AndroidManifest.xml:75:5-67
74-->AndroidLowMaster/DroidPlugin/AndroidManifest.xml:75:22-64
75    <uses-permission android:name="android.permission.READ_SOCIAL_STREAM" />
75-->AndroidLowMaster/DroidPlugin/AndroidManifest.xml:76:5-77
75-->AndroidLowMaster/DroidPlugin/AndroidManifest.xml:76:22-74
76    <uses-permission android:name="android.permission.READ_SYNC_SETTINGS" />
76-->AndroidLowMaster/DroidPlugin/AndroidManifest.xml:77:5-77
76-->AndroidLowMaster/DroidPlugin/AndroidManifest.xml:77:22-74
77    <uses-permission android:name="android.permission.READ_SYNC_STATS" />
77-->AndroidLowMaster/DroidPlugin/AndroidManifest.xml:78:5-74
77-->AndroidLowMaster/DroidPlugin/AndroidManifest.xml:78:22-71
78    <uses-permission android:name="android.permission.READ_USER_DICTIONARY" />
78-->AndroidLowMaster/DroidPlugin/AndroidManifest.xml:79:5-79
78-->AndroidLowMaster/DroidPlugin/AndroidManifest.xml:79:22-76
79    <uses-permission android:name="android.permission.RECEIVE_BOOT_COMPLETED" />
79-->AndroidLowMaster/DroidPlugin/AndroidManifest.xml:80:5-81
79-->AndroidLowMaster/DroidPlugin/AndroidManifest.xml:80:22-78
80    <uses-permission android:name="android.permission.RECEIVE_MMS" />
80-->AndroidLowMaster/DroidPlugin/AndroidManifest.xml:81:5-70
80-->AndroidLowMaster/DroidPlugin/AndroidManifest.xml:81:22-67
81    <uses-permission android:name="android.permission.RECEIVE_SMS" />
81-->AndroidLowMaster/DroidPlugin/AndroidManifest.xml:82:5-70
81-->AndroidLowMaster/DroidPlugin/AndroidManifest.xml:82:22-67
82    <uses-permission android:name="android.permission.RECEIVE_WAP_PUSH" />
82-->AndroidLowMaster/DroidPlugin/AndroidManifest.xml:83:5-75
82-->AndroidLowMaster/DroidPlugin/AndroidManifest.xml:83:22-72
83    <uses-permission android:name="android.permission.RECORD_AUDIO" />
83-->AndroidLowMaster/DroidPlugin/AndroidManifest.xml:84:5-71
83-->AndroidLowMaster/DroidPlugin/AndroidManifest.xml:84:22-68
84    <uses-permission android:name="android.permission.REORDER_TASKS" />
84-->AndroidLowMaster/DroidPlugin/AndroidManifest.xml:85:5-72
84-->AndroidLowMaster/DroidPlugin/AndroidManifest.xml:85:22-69
85    <uses-permission android:name="android.permission.RESTART_PACKAGES" />
85-->AndroidLowMaster/DroidPlugin/AndroidManifest.xml:86:5-75
85-->AndroidLowMaster/DroidPlugin/AndroidManifest.xml:86:22-72
86    <uses-permission android:name="android.permission.SEND_SMS" />
86-->AndroidLowMaster/DroidPlugin/AndroidManifest.xml:87:5-67
86-->AndroidLowMaster/DroidPlugin/AndroidManifest.xml:87:22-64
87    <uses-permission android:name="android.permission.SET_TIME_ZONE" />
87-->AndroidLowMaster/DroidPlugin/AndroidManifest.xml:88:5-72
87-->AndroidLowMaster/DroidPlugin/AndroidManifest.xml:88:22-69
88    <uses-permission android:name="android.permission.SET_WALLPAPER" />
88-->AndroidLowMaster/DroidPlugin/AndroidManifest.xml:89:5-72
88-->AndroidLowMaster/DroidPlugin/AndroidManifest.xml:89:22-69
89    <uses-permission android:name="android.permission.SET_WALLPAPER_HINTS" />
89-->AndroidLowMaster/DroidPlugin/AndroidManifest.xml:90:5-78
89-->AndroidLowMaster/DroidPlugin/AndroidManifest.xml:90:22-75
90    <uses-permission android:name="android.permission.SUBSCRIBED_FEEDS_READ" />
90-->AndroidLowMaster/DroidPlugin/AndroidManifest.xml:91:5-80
90-->AndroidLowMaster/DroidPlugin/AndroidManifest.xml:91:22-77
91    <uses-permission android:name="android.permission.SUBSCRIBED_FEEDS_WRITE" />
91-->AndroidLowMaster/DroidPlugin/AndroidManifest.xml:92:5-81
91-->AndroidLowMaster/DroidPlugin/AndroidManifest.xml:92:22-78
92    <uses-permission android:name="android.permission.SYSTEM_ALERT_WINDOW" />
92-->AndroidLowMaster/DroidPlugin/AndroidManifest.xml:93:5-78
92-->AndroidLowMaster/DroidPlugin/AndroidManifest.xml:93:22-75
93    <uses-permission android:name="android.permission.TRANSMIT_IR" />
93-->AndroidLowMaster/DroidPlugin/AndroidManifest.xml:94:5-70
93-->AndroidLowMaster/DroidPlugin/AndroidManifest.xml:94:22-67
94    <uses-permission android:name="android.permission.USE_CREDENTIALS" />
94-->AndroidLowMaster/DroidPlugin/AndroidManifest.xml:95:5-74
94-->AndroidLowMaster/DroidPlugin/AndroidManifest.xml:95:22-71
95    <uses-permission android:name="android.permission.USE_SIP" />
95-->AndroidLowMaster/DroidPlugin/AndroidManifest.xml:96:5-66
95-->AndroidLowMaster/DroidPlugin/AndroidManifest.xml:96:22-63
96    <uses-permission android:name="android.permission.VIBRATE" />
96-->AndroidLowMaster/DroidPlugin/AndroidManifest.xml:97:5-66
96-->AndroidLowMaster/DroidPlugin/AndroidManifest.xml:97:22-63
97    <uses-permission android:name="android.permission.WAKE_LOCK" />
97-->AndroidLowMaster/DroidPlugin/AndroidManifest.xml:98:5-68
97-->AndroidLowMaster/DroidPlugin/AndroidManifest.xml:98:22-65
98    <uses-permission android:name="android.permission.WRITE_CALENDAR" />
98-->AndroidLowMaster/DroidPlugin/AndroidManifest.xml:99:5-73
98-->AndroidLowMaster/DroidPlugin/AndroidManifest.xml:99:22-70
99    <uses-permission android:name="android.permission.WRITE_CALL_LOG" />
99-->AndroidLowMaster/DroidPlugin/AndroidManifest.xml:100:5-73
99-->AndroidLowMaster/DroidPlugin/AndroidManifest.xml:100:22-70
100    <uses-permission android:name="android.permission.WRITE_CONTACTS" />
100-->AndroidLowMaster/DroidPlugin/AndroidManifest.xml:101:5-73
100-->AndroidLowMaster/DroidPlugin/AndroidManifest.xml:101:22-70
101    <uses-permission android:name="android.permission.WRITE_EXTERNAL_STORAGE" />
101-->AndroidLowMaster/DroidPlugin/AndroidManifest.xml:102:5-81
101-->AndroidLowMaster/DroidPlugin/AndroidManifest.xml:102:22-78
102    <uses-permission android:name="android.permission.WRITE_PROFILE" />
102-->AndroidLowMaster/DroidPlugin/AndroidManifest.xml:103:5-72
102-->AndroidLowMaster/DroidPlugin/AndroidManifest.xml:103:22-69
103    <uses-permission android:name="android.permission.WRITE_SETTINGS" />
103-->AndroidLowMaster/DroidPlugin/AndroidManifest.xml:104:5-73
103-->AndroidLowMaster/DroidPlugin/AndroidManifest.xml:104:22-70
104    <uses-permission android:name="android.permission.WRITE_SMS" />
104-->AndroidLowMaster/DroidPlugin/AndroidManifest.xml:105:5-68
104-->AndroidLowMaster/DroidPlugin/AndroidManifest.xml:105:22-65
105    <uses-permission android:name="android.permission.WRITE_SOCIAL_STREAM" />
105-->AndroidLowMaster/DroidPlugin/AndroidManifest.xml:106:5-78
105-->AndroidLowMaster/DroidPlugin/AndroidManifest.xml:106:22-75
106    <uses-permission android:name="android.permission.WRITE_SYNC_SETTINGS" />
106-->AndroidLowMaster/DroidPlugin/AndroidManifest.xml:107:5-78
106-->AndroidLowMaster/DroidPlugin/AndroidManifest.xml:107:22-75
107    <uses-permission android:name="android.permission.WRITE_USER_DICTIONARY" />
107-->AndroidLowMaster/DroidPlugin/AndroidManifest.xml:108:5-80
107-->AndroidLowMaster/DroidPlugin/AndroidManifest.xml:108:22-77
108    <uses-permission android:name="com.android.alarm.permission.SET_ALARM" />
108-->AndroidLowMaster/DroidPlugin/AndroidManifest.xml:109:5-78
108-->AndroidLowMaster/DroidPlugin/AndroidManifest.xml:109:22-75
109    <uses-permission android:name="com.android.browser.permission.READ_HISTORY_BOOKMARKS" />
109-->AndroidLowMaster/DroidPlugin/AndroidManifest.xml:110:5-93
109-->AndroidLowMaster/DroidPlugin/AndroidManifest.xml:110:22-90
110    <uses-permission android:name="com.android.browser.permission.WRITE_HISTORY_BOOKMARKS" />
110-->AndroidLowMaster/DroidPlugin/AndroidManifest.xml:111:5-94
110-->AndroidLowMaster/DroidPlugin/AndroidManifest.xml:111:22-91
111    <uses-permission android:name="com.android.launcher.permission.INSTALL_SHORTCUT" />
111-->AndroidLowMaster/DroidPlugin/AndroidManifest.xml:112:5-88
111-->AndroidLowMaster/DroidPlugin/AndroidManifest.xml:112:22-85
112    <uses-permission android:name="com.android.launcher.permission.UNINSTALL_SHORTCUT" />
112-->AndroidLowMaster/DroidPlugin/AndroidManifest.xml:113:5-90
112-->AndroidLowMaster/DroidPlugin/AndroidManifest.xml:113:22-87
113    <uses-permission android:name="com.android.vending.BILLING" />
113-->AndroidLowMaster/DroidPlugin/AndroidManifest.xml:114:5-67
113-->AndroidLowMaster/DroidPlugin/AndroidManifest.xml:114:22-64
114    <uses-permission android:name="com.android.vending.CHECK_LICENSE" />
114-->AndroidLowMaster/DroidPlugin/AndroidManifest.xml:115:5-73
114-->AndroidLowMaster/DroidPlugin/AndroidManifest.xml:115:22-70
115    <uses-permission android:name="com.android.voicemail.permission.ADD_VOICEMAIL" />
115-->AndroidLowMaster/DroidPlugin/AndroidManifest.xml:116:5-86
115-->AndroidLowMaster/DroidPlugin/AndroidManifest.xml:116:22-83
116    <uses-permission android:name="com.google.android.c2dm.permission.RECEIVE" />
116-->AndroidLowMaster/DroidPlugin/AndroidManifest.xml:117:5-82
116-->AndroidLowMaster/DroidPlugin/AndroidManifest.xml:117:22-79
117    <uses-permission android:name="com.google.android.gms.permission.ACTIVITY_RECOGNITION" />
117-->AndroidLowMaster/DroidPlugin/AndroidManifest.xml:118:5-94
117-->AndroidLowMaster/DroidPlugin/AndroidManifest.xml:118:22-91
118    <uses-permission android:name="com.google.android.gms.permission.AD_ID_NOTIFICATION" />
118-->AndroidLowMaster/DroidPlugin/AndroidManifest.xml:119:5-92
118-->AndroidLowMaster/DroidPlugin/AndroidManifest.xml:119:22-89
119    <uses-permission android:name="com.google.android.googleapps.permission.GOOGLE_AUTH" />
119-->AndroidLowMaster/DroidPlugin/AndroidManifest.xml:120:5-92
119-->AndroidLowMaster/DroidPlugin/AndroidManifest.xml:120:22-89
120    <uses-permission android:name="com.google.android.googleapps.permission.GOOGLE_AUTH.OTHER_SERVICES" />
120-->AndroidLowMaster/DroidPlugin/AndroidManifest.xml:121:5-107
120-->AndroidLowMaster/DroidPlugin/AndroidManifest.xml:121:22-104
121    <uses-permission android:name="com.google.android.googleapps.permission.GOOGLE_AUTH.YouTubeUser" />
121-->AndroidLowMaster/DroidPlugin/AndroidManifest.xml:122:5-104
121-->AndroidLowMaster/DroidPlugin/AndroidManifest.xml:122:22-101
122    <uses-permission android:name="com.google.android.googleapps.permission.GOOGLE_AUTH.adsense" />
122-->AndroidLowMaster/DroidPlugin/AndroidManifest.xml:123:5-100
122-->AndroidLowMaster/DroidPlugin/AndroidManifest.xml:123:22-97
123    <uses-permission android:name="com.google.android.googleapps.permission.GOOGLE_AUTH.adwords" />
123-->AndroidLowMaster/DroidPlugin/AndroidManifest.xml:124:5-100
123-->AndroidLowMaster/DroidPlugin/AndroidManifest.xml:124:22-97
124    <uses-permission android:name="com.google.android.googleapps.permission.GOOGLE_AUTH.ah" />
124-->AndroidLowMaster/DroidPlugin/AndroidManifest.xml:125:5-95
124-->AndroidLowMaster/DroidPlugin/AndroidManifest.xml:125:22-92
125    <uses-permission android:name="com.google.android.googleapps.permission.GOOGLE_AUTH.android" />
125-->AndroidLowMaster/DroidPlugin/AndroidManifest.xml:126:5-100
125-->AndroidLowMaster/DroidPlugin/AndroidManifest.xml:126:22-97
126    <uses-permission android:name="com.google.android.googleapps.permission.GOOGLE_AUTH.androidsecure" />
126-->AndroidLowMaster/DroidPlugin/AndroidManifest.xml:127:5-106
126-->AndroidLowMaster/DroidPlugin/AndroidManifest.xml:127:22-103
127    <uses-permission android:name="com.google.android.googleapps.permission.GOOGLE_AUTH.blogger" />
127-->AndroidLowMaster/DroidPlugin/AndroidManifest.xml:128:5-100
127-->AndroidLowMaster/DroidPlugin/AndroidManifest.xml:128:22-97
128    <uses-permission android:name="com.google.android.googleapps.permission.GOOGLE_AUTH.cl" />
128-->AndroidLowMaster/DroidPlugin/AndroidManifest.xml:129:5-95
128-->AndroidLowMaster/DroidPlugin/AndroidManifest.xml:129:22-92
129    <uses-permission android:name="com.google.android.googleapps.permission.GOOGLE_AUTH.cp" />
129-->AndroidLowMaster/DroidPlugin/AndroidManifest.xml:130:5-95
129-->AndroidLowMaster/DroidPlugin/AndroidManifest.xml:130:22-92
130    <uses-permission android:name="com.google.android.googleapps.permission.GOOGLE_AUTH.dodgeball" />
130-->AndroidLowMaster/DroidPlugin/AndroidManifest.xml:131:5-102
130-->AndroidLowMaster/DroidPlugin/AndroidManifest.xml:131:22-99
131    <uses-permission android:name="com.google.android.googleapps.permission.GOOGLE_AUTH.finance" />
131-->AndroidLowMaster/DroidPlugin/AndroidManifest.xml:132:5-100
131-->AndroidLowMaster/DroidPlugin/AndroidManifest.xml:132:22-97
132    <uses-permission android:name="com.google.android.googleapps.permission.GOOGLE_AUTH.gbase" />
132-->AndroidLowMaster/DroidPlugin/AndroidManifest.xml:133:5-98
132-->AndroidLowMaster/DroidPlugin/AndroidManifest.xml:133:22-95
133    <uses-permission android:name="com.google.android.googleapps.permission.GOOGLE_AUTH.grandcentral" />
133-->AndroidLowMaster/DroidPlugin/AndroidManifest.xml:134:5-105
133-->AndroidLowMaster/DroidPlugin/AndroidManifest.xml:134:22-102
134    <uses-permission android:name="com.google.android.googleapps.permission.GOOGLE_AUTH.groups2" />
134-->AndroidLowMaster/DroidPlugin/AndroidManifest.xml:135:5-100
134-->AndroidLowMaster/DroidPlugin/AndroidManifest.xml:135:22-97
135    <uses-permission android:name="com.google.android.googleapps.permission.GOOGLE_AUTH.health" />
135-->AndroidLowMaster/DroidPlugin/AndroidManifest.xml:136:5-99
135-->AndroidLowMaster/DroidPlugin/AndroidManifest.xml:136:22-96
136    <uses-permission android:name="com.google.android.googleapps.permission.GOOGLE_AUTH.ig" />
136-->AndroidLowMaster/DroidPlugin/AndroidManifest.xml:137:5-95
136-->AndroidLowMaster/DroidPlugin/AndroidManifest.xml:137:22-92
137    <uses-permission android:name="com.google.android.googleapps.permission.GOOGLE_AUTH.jotspot" />
137-->AndroidLowMaster/DroidPlugin/AndroidManifest.xml:138:5-100
137-->AndroidLowMaster/DroidPlugin/AndroidManifest.xml:138:22-97
138    <uses-permission android:name="com.google.android.googleapps.permission.GOOGLE_AUTH.knol" />
138-->AndroidLowMaster/DroidPlugin/AndroidManifest.xml:139:5-97
138-->AndroidLowMaster/DroidPlugin/AndroidManifest.xml:139:22-94
139    <uses-permission android:name="com.google.android.googleapps.permission.GOOGLE_AUTH.lh2" />
139-->AndroidLowMaster/DroidPlugin/AndroidManifest.xml:140:5-96
139-->AndroidLowMaster/DroidPlugin/AndroidManifest.xml:140:22-93
140    <uses-permission android:name="com.google.android.googleapps.permission.GOOGLE_AUTH.local" />
140-->AndroidLowMaster/DroidPlugin/AndroidManifest.xml:141:5-98
140-->AndroidLowMaster/DroidPlugin/AndroidManifest.xml:141:22-95
141    <uses-permission android:name="com.google.android.googleapps.permission.GOOGLE_AUTH.mail" />
141-->AndroidLowMaster/DroidPlugin/AndroidManifest.xml:142:5-97
141-->AndroidLowMaster/DroidPlugin/AndroidManifest.xml:142:22-94
142    <uses-permission android:name="com.google.android.googleapps.permission.GOOGLE_AUTH.mobile" />
142-->AndroidLowMaster/DroidPlugin/AndroidManifest.xml:143:5-99
142-->AndroidLowMaster/DroidPlugin/AndroidManifest.xml:143:22-96
143    <uses-permission android:name="com.google.android.googleapps.permission.GOOGLE_AUTH.news" />
143-->AndroidLowMaster/DroidPlugin/AndroidManifest.xml:144:5-97
143-->AndroidLowMaster/DroidPlugin/AndroidManifest.xml:144:22-94
144    <uses-permission android:name="com.google.android.googleapps.permission.GOOGLE_AUTH.notebook" />
144-->AndroidLowMaster/DroidPlugin/AndroidManifest.xml:145:5-101
144-->AndroidLowMaster/DroidPlugin/AndroidManifest.xml:145:22-98
145    <uses-permission android:name="com.google.android.googleapps.permission.GOOGLE_AUTH.orkut" />
145-->AndroidLowMaster/DroidPlugin/AndroidManifest.xml:146:5-98
145-->AndroidLowMaster/DroidPlugin/AndroidManifest.xml:146:22-95
146    <uses-permission android:name="com.google.android.googleapps.permission.GOOGLE_AUTH.print" />
146-->AndroidLowMaster/DroidPlugin/AndroidManifest.xml:147:5-98
146-->AndroidLowMaster/DroidPlugin/AndroidManifest.xml:147:22-95
147    <uses-permission android:name="com.google.android.googleapps.permission.GOOGLE_AUTH.sierra" />
147-->AndroidLowMaster/DroidPlugin/AndroidManifest.xml:148:5-99
147-->AndroidLowMaster/DroidPlugin/AndroidManifest.xml:148:22-96
148    <uses-permission android:name="com.google.android.googleapps.permission.GOOGLE_AUTH.sierraqa" />
148-->AndroidLowMaster/DroidPlugin/AndroidManifest.xml:149:5-101
148-->AndroidLowMaster/DroidPlugin/AndroidManifest.xml:149:22-98
149    <uses-permission android:name="com.google.android.googleapps.permission.GOOGLE_AUTH.sierrasandbox" />
149-->AndroidLowMaster/DroidPlugin/AndroidManifest.xml:150:5-106
149-->AndroidLowMaster/DroidPlugin/AndroidManifest.xml:150:22-103
150    <uses-permission android:name="com.google.android.googleapps.permission.GOOGLE_AUTH.sitemaps" />
150-->AndroidLowMaster/DroidPlugin/AndroidManifest.xml:151:5-101
150-->AndroidLowMaster/DroidPlugin/AndroidManifest.xml:151:22-98
151    <uses-permission android:name="com.google.android.googleapps.permission.GOOGLE_AUTH.speech" />
151-->AndroidLowMaster/DroidPlugin/AndroidManifest.xml:152:5-99
151-->AndroidLowMaster/DroidPlugin/AndroidManifest.xml:152:22-96
152    <uses-permission android:name="com.google.android.googleapps.permission.GOOGLE_AUTH.speechpersonalization" />
152-->AndroidLowMaster/DroidPlugin/AndroidManifest.xml:153:5-114
152-->AndroidLowMaster/DroidPlugin/AndroidManifest.xml:153:22-111
153    <uses-permission android:name="com.google.android.googleapps.permission.GOOGLE_AUTH.talk" />
153-->AndroidLowMaster/DroidPlugin/AndroidManifest.xml:154:5-97
153-->AndroidLowMaster/DroidPlugin/AndroidManifest.xml:154:22-94
154    <uses-permission android:name="com.google.android.googleapps.permission.GOOGLE_AUTH.wifi" />
154-->AndroidLowMaster/DroidPlugin/AndroidManifest.xml:155:5-97
154-->AndroidLowMaster/DroidPlugin/AndroidManifest.xml:155:22-94
155    <uses-permission android:name="com.google.android.googleapps.permission.GOOGLE_AUTH.wise" />
155-->AndroidLowMaster/DroidPlugin/AndroidManifest.xml:156:5-97
155-->AndroidLowMaster/DroidPlugin/AndroidManifest.xml:156:22-94
156    <uses-permission android:name="com.google.android.googleapps.permission.GOOGLE_AUTH.writely" />
156-->AndroidLowMaster/DroidPlugin/AndroidManifest.xml:157:5-100
156-->AndroidLowMaster/DroidPlugin/AndroidManifest.xml:157:22-97
157    <uses-permission android:name="com.google.android.googleapps.permission.GOOGLE_AUTH.youtube" />
157-->AndroidLowMaster/DroidPlugin/AndroidManifest.xml:158:5-100
157-->AndroidLowMaster/DroidPlugin/AndroidManifest.xml:158:22-97
158    <uses-permission android:name="com.google.android.launcher.permission.READ_SETTINGS" />
158-->AndroidLowMaster/DroidPlugin/AndroidManifest.xml:159:5-92
158-->AndroidLowMaster/DroidPlugin/AndroidManifest.xml:159:22-89
159    <uses-permission android:name="com.google.android.providers.gsf.permission.READ_GSERVICES" />
159-->AndroidLowMaster/DroidPlugin/AndroidManifest.xml:160:5-98
159-->AndroidLowMaster/DroidPlugin/AndroidManifest.xml:160:22-95
160    <uses-permission android:name="com.google.android.providers.talk.permission.READ_ONLY" />
160-->AndroidLowMaster/DroidPlugin/AndroidManifest.xml:161:5-94
160-->AndroidLowMaster/DroidPlugin/AndroidManifest.xml:161:22-91
161    <uses-permission android:name="com.google.android.providers.talk.permission.WRITE_ONLY" />
161-->AndroidLowMaster/DroidPlugin/AndroidManifest.xml:162:5-95
161-->AndroidLowMaster/DroidPlugin/AndroidManifest.xml:162:22-92
162    <uses-permission android:name="android.permission.MOUNT_UNMOUNT_FILESYSTEMS" />
162-->AndroidLowMaster/DroidPlugin/AndroidManifest.xml:163:5-84
162-->AndroidLowMaster/DroidPlugin/AndroidManifest.xml:163:22-81
163    <uses-permission android:name="android.permission.READ_LOGS" />
163-->AndroidLowMaster/DroidPlugin/AndroidManifest.xml:164:5-68
163-->AndroidLowMaster/DroidPlugin/AndroidManifest.xml:164:22-65
164    <uses-permission android:name="android.permission.READ_OWNER_DATA" />
164-->AndroidLowMaster/DroidPlugin/AndroidManifest.xml:165:5-74
164-->AndroidLowMaster/DroidPlugin/AndroidManifest.xml:165:22-71
165    <uses-permission android:name="android.permission.WRITE_OWNER_DATA" />
165-->AndroidLowMaster/DroidPlugin/AndroidManifest.xml:166:5-75
165-->AndroidLowMaster/DroidPlugin/AndroidManifest.xml:166:22-72
166    <uses-permission android:name="android.permission.CHANGE_CONFIGURATION" />
166-->AndroidLowMaster/DroidPlugin/AndroidManifest.xml:167:5-79
166-->AndroidLowMaster/DroidPlugin/AndroidManifest.xml:167:22-76
167    <uses-permission android:name="android.permission.BATTERY_STATS" />
167-->AndroidLowMaster/DroidPlugin/AndroidManifest.xml:168:5-72
167-->AndroidLowMaster/DroidPlugin/AndroidManifest.xml:168:22-69
168    <uses-permission android:name="android.permission.ACCESS_DOWNLOAD_MANAGER" />
168-->AndroidLowMaster/DroidPlugin/AndroidManifest.xml:169:5-82
168-->AndroidLowMaster/DroidPlugin/AndroidManifest.xml:169:22-79